07:53:49.838 [main] INFO  Execution.Execution - account button clicked
07:53:54.752 [main] INFO  Execution.Execution -  register button clicked
07:53:55.811 [main] INFO  Execution.Execution - email was written
07:53:56.089 [main] INFO  Execution.Execution - password was written
07:53:56.157 [main] INFO  Execution.Execution - zipcode was written
07:53:56.224 [main] INFO  Execution.Execution - phone number was written
07:53:56.316 [main] INFO  Execution.Execution - create button was clicked
08:10:37.033 [main] INFO  Execution.Execution - account button clicked
08:10:42.453 [main] INFO  Execution.Execution -  register button clicked
08:10:43.976 [main] INFO  Execution.Execution - email was written
08:10:44.170 [main] INFO  Execution.Execution - password was written
08:10:44.272 [main] INFO  Execution.Execution - zipcode was written
08:10:44.425 [main] INFO  Execution.Execution - phone number was written
08:10:44.583 [main] INFO  Execution.Execution - create button was clicked
08:14:26.661 [main] INFO  Execution.Execution - account button clicked
08:14:31.926 [main] INFO  Execution.Execution -  register button clicked
08:14:33.594 [main] INFO  Execution.Execution - email was written
08:14:33.861 [main] INFO  Execution.Execution - password was written
08:14:33.971 [main] INFO  Execution.Execution - zipcode was written
08:14:34.128 [main] INFO  Execution.Execution - phone number was written
08:14:34.289 [main] INFO  Execution.Execution - create button was clicked
13:16:54.715 [main] INFO  Execution.Execution - account button clicked
16:55:52.654 [main] INFO  Execution.Execution - account button clicked
16:56:02.849 [main] INFO  Execution.Execution -  register button clicked
16:56:03.015 [main] INFO  Execution.Execution - email was written
16:56:03.957 [main] INFO  Execution.Execution - password was written
16:56:04.041 [main] INFO  Execution.Execution - zipcode was written
16:56:04.100 [main] INFO  Execution.Execution - phone number was written
16:56:09.158 [main] INFO  Execution.Execution - create button was clicked
17:03:53.513 [main] INFO  Execution.Execution - account button clicked
17:03:58.436 [main] INFO  Execution.Execution -  register button clicked
17:03:59.471 [main] INFO  Execution.Execution - email was written
17:03:59.608 [main] INFO  Execution.Execution - password was written
17:03:59.667 [main] INFO  Execution.Execution - zipcode was written
17:03:59.731 [main] INFO  Execution.Execution - phone number was written
17:03:59.822 [main] INFO  Execution.Execution - create button was clicked
05:09:46.249 [main] INFO  Execution.Execution - account button clicked
05:09:51.174 [main] INFO  Execution.Execution -  register button clicked
05:09:52.397 [main] INFO  Execution.Execution - email was written
05:09:52.566 [main] INFO  Execution.Execution - password was written
05:09:52.641 [main] INFO  Execution.Execution - zipcode was written
05:09:52.743 [main] INFO  Execution.Execution - phone number was written
05:09:52.884 [main] INFO  Execution.Execution - create button was clicked
05:57:18.845 [main] INFO  Execution.Execution - account button clicked
05:57:24.224 [main] INFO  Execution.Execution -  register button clicked
05:57:25.317 [main] INFO  Execution.Execution - email was written
05:57:25.481 [main] INFO  Execution.Execution - password was written
05:57:25.538 [main] INFO  Execution.Execution - zipcode was written
05:57:25.618 [main] INFO  Execution.Execution - phone number was written
05:57:25.704 [main] INFO  Execution.Execution - create button was clicked
23:02:57.511 [main] INFO  Execution.Execution - account button clicked
23:03:03.089 [main] INFO  Execution.Execution -  register button clicked
23:03:04.707 [main] INFO  Execution.Execution - email was written
23:03:04.929 [main] INFO  Execution.Execution - password was written
23:03:05.034 [main] INFO  Execution.Execution - zipcode was written
23:03:05.187 [main] INFO  Execution.Execution - phone number was written
23:03:05.337 [main] INFO  Execution.Execution - create button was clicked
